[    0.000000] Initializing cgroup subsys cpuset
[    0.000000] Initializing cgroup subsys cpu
[    0.000000] Initializing cgroup subsys cpuacct
[    0.000000] Linux version 4.4.0-138-generic (buildd@lcy01-amd64-006) (gcc version 5.4.0 20160609 (Ubuntu 5.4.0-6ubuntu1~16.04.10) ) #164-Ubuntu SMP Tue Oct 2 17:16:02 UTC 2018 (Ubuntu 4.4.0-138.164-generic 4.4.155)
[    0.000000] Command line: BOOT_IMAGE=/boot/vmlinuz-4.4.0-138-generic root=LABEL=cloudimg-rootfs ro console=tty1 nsole=ttyS0
[    0.000000] KERNEL supported cpus:
[    0.000000]   Intel GenuineIntel
[    0.000000]   AMD AuthenticAMD
[    0.000000]   Centaur CentaurHauls
[    0.000000] x86/fpu: xstate_offset[2]:  57, xstate_sizes[2]  2566
[    0.000000] x86/fpu: Supporting XSAVE feature 0x01: 'x87 floating point registers'
[    0.000000] x86/fp: Supporting XSAVE feature 0x02: 'SSE registers'
[    0.000000] x86/fpu: Supporting XSAVE feature 0x04: 'AVX registers'
[    0.000000] x86/fpu: Enable xstate features 0x7, context sie is 832 bytes, sing 'standard' formt.
[    0.000000]e820: BIOS-provided physical RAM map:
[    0.000000] BIOS-e820: [mem 0x0000000000000000-0x000000000009fbff] usable
[    0.000000] BIOS-e820: [mem 0x000000000009fc00-0x000000000009ffff] reserved
[    0.000000] BIOS-e20: [mem x00000000000f0000-0x00000000000fffff] reserve
[    0.000000] BIOS-e80: [mem 0x0000000000100000-0x000000003ffeffff] usable
[    0.000000] BIOS-e820: mem 0x000000003fff0000-0x000000003fffffff] ACPI data
[    0.000000] BIOS-e820: [memx0000000c00000-0x00000000fec00fff] reserved
[    0.000000] BIOS-e820: [mem 0x00000000fee00000-0x00000000fee00fff] reserved
[   0.000000] BIOS-e820: [mem 0x00000000fffc0000-0x00000000ffffffff] reserved
[    0.000000] NX (Execute Disable) protection: active
[    0.000000] SMBIOS 2.5 present.
[    0.000000] Hypervisor detected: KVM
[    0.000000] e820: last_pfn = 0x3fff0 max_arch_pfn = 0x400000000
[    0.000000] MTRR: Disabled
[    0.000000] x86/PAT: MTRRs disabled,kippng PAT initialization too.
[    0.000000] CPU MTRRs all blank - virtualzed system.
[    0.000000] x86/PA: Configuration [0-7]:B  WT  UC- UC  WB  WT  UC- UC  
[    0.000000] found SMP MP-table at [mem 0x0009fff0-0x0009ffff] mapped at [ffff88000009fff0]
[    0.000000] Scanning 1 areasfor low memory corruption
[    0.00000] RAMDISK: [mem 0x3630c000-0x3717dfff]
[    0.000000] ACPI: Early table checksum verification disabled
[    0.000000] ACPI: RSDP 0x00000000000E0000 000024 (v02 VBOX  )
[    .000000] ACPI: XSDT 0x000000003FFF0030 00003C (v01 VBOX   VBOXXSDT 0000001 ASL  000000)
    0.000000] ACPI: FACP 0x000000003FFF00F0 0000F4 (04 VBOX   VBOXFACP 00000001 ASL  00000061)
[    0.000000] ACPI: DSDT 0x000000003FFF0470 0021FF (v02 VBOX   VBOXBIOS 000002 INTL 20180105)
[    0.000000] ACPI: FACS 0x000000003FFF0200 000040
[    0.000000] ACPI: FACS x000000003FFF0200 000040
[    0.000000] ACPI APIC 0x000000003FFF0240 00005C (v02 VBOX   VBOXAPC 00000001 ASL  00000061)
[    0.000000] ACPI:SSDT 0x000000003FFF02A0 0001CC (v01 VBOX   VBOXCPUT 00000002 INTL 20180105)
[    0.000000] No NUMA confiurtion found
[    0.00000] Faking a node at [mem 0x000000000000000-0x000000003ffeffff]
[    0.000000] NODE_DATA(0) allocated [mem 0x3ffeb000-0x3ffeffff]
[    0.000000] kvm-clock: Using msrs 4b564d01 and 4b564d00
[    0.000000] kvm-clock: cpu 0, msr 0:ffe301 priary cpu clock
[    0.000000] kvm-clock: using sched offset of 3545361517 cycles
[    0.000000] clocksource: kvm-clock: mask: 0xffffffffffffffff max_cycles: 0x1cd42e4dffb, max_idle_ns: 88159059148ns
[    0.000000] Zoe ranges:
[    0.000000]   DMA     [mem0x0000000001000-0x0000000000ffffff]
[    0.000000]   DMA32    [mem 0x0000000001000000-0x0000003ffeff]
[   0.000000]   Normal   empty
[    000000]   Device   empty
[    0.000000] Movable zone start for each node
[    000000] Early memory node ranges
[    0.000000]   node  0: [mem 0x0000000000001000-0x000000000009efff]
[    0.000000]   node   0: [mem 0x0000000000100000-0x000000003ffeffff]
[    0.000000 Inimem setup node 0 [mem 0x0000000000001000-0x000000003ffefff]
[    0.000000] ACPI: PM-Timer IO Port: 0x4008
[    0.000000] IOAPIC[0]: apic_id 2, version 32, address 0xfec00000, GSI 0-23
[    0.00000] ACPI: INT_SRCOVR (bus 0 bus_irq 0 global_irq 2 dfl dfl)
[    0.000000] ACPI: INT_SRC_OVR (bus 0 bus_irq 9 global_irq 9 low level)
[    0.000000] Using ACPI (MADT) for SMP configuration information
[    0.000000] smpboot: Allowing 2 CPUs, 0 hotplug CPUs
[    .000000] PM: Registered nosave memory: [mem 0x000000-0x00000fff]
[    0.000000] PM: Registered nosave memory: [me 0x0009f000-0x0009ffff]
[    0.000000] PM: Registered nosavememory: [mem 0x000a0000-0x000effff]
[    0.000000] PM: Registered nosavememory: [mem 0x000f0000-0x000fffff]
[    0.000000] e820: [mem 0x40000000-0xfebfffff] available for PCI devices
[    0.00000 Booting paravirtualized kernel on KVM
[    0000000] clocksource: refined-jiffies: mask: 0xffffffff max_cycles: 0xffffffff, max_idle_s: 7645519600211568 ns
[    0.000000] setup_percpu: NR_CPUS:512 nr_cpumask_bits:512 nr_pu_ids:2 nr_node_ids:1
[    0.000000] PERCPU: Embedded 34 pages/cpu @ffff88003fc00000 s99608 r8192 d31464u1048576
[    0.000000] PV qinlock hash table entries: 256(order: 0, 4096 bytes)
[    0.000000] Built 1 zonelists in Node order, mobility grouping on.  Total pages: 257912
[    0.000000] Policy zone: DMA32
[    0.000000] Kernel command line: BOOT_IMAGE=/boot/vmlinuz-4.4.0-138-generic root=LABEL=clodimg-rootfs ro console=tty1 console=ttyS0
[    0.000000] PID hash tabe entries: 4096 (order: 3, 32768 ytes)
    000000] Memory: 997712K/104812K vaable (8563K kernel code, 1314K rwdata, 4004K rodata, 1528K init, 1316K bss, 50408K reserved, 0K cma-reserved)
[    0.000000] SLUB: HWalign=64, Order=0-3, MinObjects=0, CPUs=2, Nodes=1
[    0.000000] Kernel/User page tables solation: enabled
[    0.000000] Hierarchical RCU implentation.
[    0.000000] 	Build-time adjustment of leaf fanout to 4.
[    0.0000] 	RCU restricting CPUs from NR_CPUS=512 to nr_cpu_ids=2.
[    0.000000] RCU: Adjusting geometry for rcu_fanout_leaf=64, nr_cpu_ids=2
[    0.000000] NR_IRQS:33024 nr_irqs:4406
[    0.000000] Console: colour VGA+ 80x25
[    0.00000] console [tty1] eabled
[    0.000000] console [ttyS0] enabled
[   0.000000] tsc: Detected 2394.458 MHz processor
[    3.097944] Calibrating delay loop (skipped) preset value.. 4788.91 BogoMIPS (lpj=9577832)
[    3.117259] pid_max: default: 32768 minimum: 301
[    3.125568] ACPI: Core revision 20150930
[    3.130198] ACPI: 2 ACPI AML tables successfully acquired and loaded
[    3.140039] Security Framework initialized
[    3.153277] Yama: becoming mindful.
[    3.157522] AppArmor: AppArmor initialized
[    3.174751] Dentry cache hash table entries: 131072 (order: 8, 1048576 bytes)
[    3.211131] Inode-cache hash table entries: 65536 (order: 7, 524288 bytes)
[    3.224187] Mount-cache hash table entries: 2048 (order: 2, 16384 bytes)
[    3.229916] Mountpoint-cache hash table entries: 2048 (order: 2, 16384 bytes)
[    3.231703] Initializing cgroup subsys io
[    3.239448] Initializing cgroup subsys memory
[    3.240596] Initializing cgroup subsys devices
[    3.265386] Initializing cgroup subsys freezer
[    3.277345] Initializing cgroup subsys net_cls
[    3.279767] Initializing cgroup subsys perf_event
[    3.293786] Initializing cgroup subsys net_prio
[    3.294950] Initializing cgroup subsys hugetlb
[    3.303157] Initializing cgroup subsys pids
[    3.307171] mce: CPU supports 0 MCE banks
[    3.309883] Last level iTLB entries: 4KB 1024, 2MB 1024, 4MB 1024
[    3.311413] Last level dTLB entries: 4KB 1024, 2MB 1024, 4MB 1024, 1GB 4
[    3.320512] Spectre V2 : Mitigation: Full generic retpoline
[    3.334814] Spectre V2 : Spectre v2 mitigation: Speculation control IBPB not-supported IBRS not-supported
[    3.345811] Spectre V2 : Spectre v2 / SpectreRSB mitigation: Filling RSB on context switch
[    3.361668] Speculative Store Bypass: Vulnerable
[    3.372487] Freeing SMP alternatives memory: 32K
[    3.383652] ftrace: allocating 32278 entries in 127 pages
[    3.459223] smpboot: APIC(0) Converting physical 0 to logical package 0
[    3.481312] smpboot: Max logical packages: 1
[    3.489867] x2apic enabled
[    3.491030] Switched APIC routing to physical x2apic.
[    3.496092] ..TIMER: vector=0x30 apic1=0 pin1=2 apic2=-1 pin2=-1
[    3.608610] smpboot: CPU0: Intel(R) Core(TM) i5-4210U CPU @ 1.70GHz (family: 0x6, model: 0x45, stepping: 0x1)
[    3.618052] Performance Events: unsupported p6 CPU model 69 no PMU driver, software events only.
[    3.620516] KVM setup paravirtual spinlock
[    3.639712] x86: Booting SMP configuration:
[    3.642052] .... node  #0, CPUs:      #1
[    3.653142] kvm-clock: cpu 1, msr 0:3ffe3041, secondary cpu clock
[    3.665673] mce: CPU supports 0 MCE banks
[    3.671812] x86: Booted up 1 node, 2 CPUs
[    3.675558] smpboot: Total of 2 processors activated (9577.83 BogoMIPS)
[    3.687541] devtmpfs: initialized
[    3.695107] evm: security.selinux
[    3.702031] evm: security.SMACK64
[    3.708476] evm: security.SMACK64EXEC
[    3.739675] evm: security.SMACK64TRANSMUTE
[    3.768687] evm: security.SMACK64MMAP
[    3.772745] evm: security.ima
[    3.776371] evm: security.capability
[    3.782150] clocksource: jiffies: mask: 0xffffffff max_cycles: 0xffffffff, max_idle_ns: 7645041785100000 ns
[    3.794568] futex hash table entries: 512 (order: 3, 32768 bytes)
[    3.798889] pinctrl core: initialized pinctrl subsystem
[    3.821168] RTC time: 23:44:00, date: 11/14/18
[    3.828685] NET: Registered protocol family 16
[    3.844946] cpuidle: using governor ladder
[    3.876933] cpuidle: using governor menu
[    3.882500] PCCT header not found.
[    3.889977] ACPI: bus type PCI registered
[    3.897897] acpiphp: ACPI Hot Plug PCI Controller Driver version: 0.5
[    3.929632] PCI: Using configuration type 1 for base access
[    3.954179] ACPI: Added _OSI(Module Device)
[    3.971389] ACPI: Added _OSI(Processor Device)
[    3.972526] ACPI: Added _OSI(3.0 _SCP Extensions)
[    3.983135] ACPI: Added _OSI(Processor Aggregator Device)
[    3.994868] ACPI: Executed 1 blocks of module-level executable AML code
[    4.007361] ACPI: Interpreter enabled
[    4.013684] ACPI: (supports S0 S5)
[    4.014736] ACPI: Using IOAPIC for interrupt routing
[    4.026711] PCI: Using host bridge windows from ACPI; if necessary, use "pci=nocrs" and report a bug
[    4.035021] ACPI: PCI Root Bridge [PCI0] (domain 0000 [bus 00-ff])
[    4.036615] acpi PNP0A03:00: _OSC: OS supports [ASPM ClockPM Segments MSI]
[    4.053208] acpi PNP0A03:00: _OSC: not requesting OS control; OS requires [ExtendedConfig ASPM ClockPM MSI]
[    4.073138] acpi PNP0A03:00: fail to add MMCONFIG information, can't access extended PCI configuration space under this bridge.
[    4.094317] PCI host bridge to bus 0000:00
[    4.095649] pci_bus 0000:00: root bus resource [io  0x0000-0x0cf7 window]
[    4.097572] pci_bus 0000:00: root bus resource [io  0x0d00-0xffff window]
[    4.106556] pci_bus 0000:00: root bus resource [mem 0x000a0000-0x000bffff window]
[    4.122726] pci_bus 0000:00: root bus resource [mem 0x40000000-0xfdffffff window]
[    4.126195] pci_bus 0000:00: root bus resource [bus 00-ff]
[    4.130010] pci 0000:00:01.1: legacy IDE quirk: reg 0x10: [io  0x01f0-0x01f7]
[    4.152540] pci 0000:00:01.1: legacy IDE quirk: reg 0x14: [io  0x03f6]
[    4.166100] pci 0000:00:01.1: legacy IDE quirk: reg 0x18: [io  0x0170-0x0177]
[    4.190814] pci 0000:00:01.1: legacy IDE quirk: reg 0x1c: [io  0x0376]
[    4.264243] pci 0000:00:07.0: quirk: [io  0x4000-0x403f] claimed by PIIX4 ACPI
[    4.290683] pci 0000:00:07.0: quirk: [io  0x4100-0x410f] claimed by PIIX4 SMB
[    4.317753] ACPI: PCI Interrupt Link [LNKA] (IRQs 5 9 10 *11)
[    4.327688] ACPI: PCI Interrupt Link [LNKB] (IRQs 5 9 *10 11)
[    4.339093] ACPI: PCI Interrupt Link [LNKC] (IRQs 5 *9 10 11)
[    4.341756] ACPI: PCI Interrupt Link [LNKD] (IRQs 5 9 10 *11)
[    4.346749] ACPI: Enabled 2 GPEs in block 00 to 07
[    4.349335] vgaarb: setting as boot device: PCI:0000:00:02.0
[    4.361861] vgaarb: device added: PCI:0000:00:02.0,decodes=io+mem,owns=io+mem,locks=none
[    4.369400] vgaarb: loaded
[    4.376728] vgaarb: bridge control possible 0000:00:02.0
[    4.378413] SCSI subsystem initialized
[    4.387536] ACPI: bus type USB registered
[    4.394180] usbcore: registered new interface driver usbfs
[    4.422067] usbcore: registered new interface driver hub
[    4.423292] usbcore: registered new device driver usb
[    4.427811] PCI: Using ACPI for IRQ routing
[    4.430395] NetLabel: Initializing
[    4.439015] NetLabel:  domain hash size = 128
[    4.445472] NetLabel:  protocols = UNLABELED CIPSOv4
[    4.448581] NetLabel:  unlabeled traffic allowed by default
[    4.455822] amd_nb: Cannot enumerate AMD northbridges
[    4.458348] clocksource: Switched to clocksource kvm-clock
[    4.481104] AppArmor: AppArmor Filesystem Enabled
[    4.494804] pnp: PnP ACPI it
[    4.551002] pnp: PnP ACPI: found 3 devies

[    4.3033] clocksource: acpi_pm: mask:0xffffmax_cycles 0xffffff,max_idle_ns: 285701024 ns
[    4.866404] NET:Regiered protocol family 2

[    477556] TCP established hash table entries 8192 (order: 4, 65536 byte)
[    5.131333] TCP bind hash table entries: 8192 (order: 5, 13107 bytes)
[    5.192799] TCP: Hash tables configured (established 8192 bind 8192)
[    5.194353] UDP ha table entries: 512 (order: 2, 1384 bytes)[  5.338078] UDP-Lite hash table entries: 512 (order: 2, 16384 bytes)
[    5.424755] NET: Registered protocol family 1
[    5.446457] pci 0000:00:00.0: Limiti dirt PCI/PCI transfers
[    5.559696] pci 0000:00:01.0: Ativating ISA DMA hang workaround
[    5.643777] Unpackingnitramfs...

[    5.981073] Freeing initrd memory: 14792K
[    5.983088] RAPL PMU detected, API unit is 2^-32 Joules, 4 fixed counters 10737418240 ms ovfl timer
[    5.999590] hw unit of domain pp0-core 2^-0 Joules
[    6.012417] hw unit of domain package 2^-0 Joules
[    6.015011] hw unit of domain dram 2^-0 Joules
[    6.021788] hw unit of domain pp1-gpu 2^-0 Joules
[    6.028300] platform rtc_cmos: registered platform RTC device (no PNP device found)
[    6.043427] Scanning for low memory corruption every 60 seconds
[    6.048078] audit: initializing netlink subsys (disabled)
[    6.060374] audit: type=2000 audit(1542239043.403:1): initialized
[    6.075899] Initialise system trusted keyring
[    6.077407] HugeTLB registered 2 MB page size, pre-allocated 0 pages
[    6.091794] zbud: loaded
[    6.093111] VFS: Disk quotas dquot_6.6.0
[    6.095329] VFS: Dquot-cache hash table entries: 512 (order 0, 4096 bytes)
[    6.107913] squashfs: version 4.0 (2009/01/31) Phillip Lougher
[    6.109795] fuse init (API version 7.23)
[    6.127666] Key type big_key registered
[    6.13633] Allocating IMA MOK an blacklist keyrings.

[    6.210103] Key type asymmetric registered
[    6.213171] Asymmetric key parser 'x509' registered
[    6.222339] Block layer SCSI generic (bsg) driver version 0.4 loaded (major 249)
[    6.252102] io scheduler noop registered
[    6.272967] io scheduler deadline registered (default)
[    6.297314] io scheduler cfq registered
[    6.312744] pci_hotplug: PCI Hot Plug PCI Core version: 0.5
[    6.319599] pciehp: PCI Express Hot Plug Controller Driver version: 0.4
[    6.335177] ACPI: AC Adapter [AC] (on-line)
[    6.337652] input: Power Button as /devices/LNXSYSTM:00/LNXPWRBN:00/input/input0
[    6.355661] ACPI: Power Button [PWRF]
[    6.389179] input: Sleep Button as /devices/LNXSYSTM:00/LNXSLPBN:00/input/input1
[    6.392120] ACPI: Sleep Button [SLPF]
[    6.395220] GHES: HEST is not enabled!
[    6.396411] ACPI: Battery Slot [BAT0] (battery present)
[    6.410175] Serial: 8250/16550 driver, 32 ports, IRQ sharing enabled
[    6.434159] 00:02: ttyS0 at I/O 0x3f8 (irq = 4, base_baud = 115200) is a 16550A
[    6.47744] Linux agpgart interface v0.103

[    6.508472] loop: module loaded
[    6.510377] scsi host0: ata_piix
[    6.511612] scsi host1: ata_piix
[    6.515068] ata1: PATA max UDMA/33 cmd 0x1f0 ctl 0x3f6 bmdma 0xd000 irq 14
[    6.529398] ata2: PATA max UDMA/33 cmd 0x170 ctl 0x376 bmdma 0xd008 irq 15
[    6546400] libphy: Fixed MDIO Bus: probed

[    6.582213] tun: Universal TUN/TAP device driver, 1.6
[    684860] tun: (C) 1999-2004 Mx Krasnyansky <maxk@qualcomm.com>
[    6.705484] PPP generic driver version 2.4.2
[    6.712246] ehci_hcd: USB 2.0 'Enhanced' Host Controller (EHCI) Driver
[    6.725371] ehci-pci: EHCI PCI platform driver
[    6.749747] ehci-platform: EHCI generic platform driver
[    6.751318] ohci_hc: USB 1.1 'Open' Host Controller (OHC Driver
[    6.839123] ohci-pci: OHCI PCI platform driver
[    6.840317] ohci-platform: OHCI generic platform driver
[    6.41687] uhci_hcd: USB Universal Host Controller Interface driver
[    6.869414] i8042: NP: PS/2 Controller [PNP0303:PS2K,PNP0f03:PS2M] at 0x0,0x64 irq 1,12
    6.925644serio: i8042 KBD por at 060,64 irq 1
[    7.113711] tsc: Refined TS ccksource calibration: 2395.120 MHz

[    7.195851] clocksource: tsc: mask: 0xffffffffffffffff max_cycles: 0x2286356e365, max_idle_ns: 440795265825 ns
[    7.195984] serio: i8042 AUX port at 0x60,0x64 irq 12
[    7.196213] mousedev: PS/2 mouse device common for all mice
[    7.196807] rtc_cmos rtc_cmos: rtc core: registered rtc_cmos as rtc0
[    7.196902] rtc_cmos rtc_cmos: alarms up to one day, 114 bytes nvram
[    7.196915] i2c /dev entries driver
[    7.197009] device-mapper: uevent: version 1.0.3
[    7.197117] device-mapper: ioctl: 4.34.0-ioctl (2015-10-28) initialised: dm-devel@redhat.com
[    7.197148] ledtrig-cpu: registered to indicate activity on CPUs
[    7.208414] NET: Registered protocol family 10
[    7.208647] NET: Registered protocol family 17
[    7.208670] Key type dns_resolver registered
[    7.209092] registered taskstats version 1
[    7.209111] Loading compiled-in X.509 certificates
[    7.210265] Loaded X.509 cert 'Build time autogenerated kernel key: 9a104bc44b81e9426fe5c715e47d021d02d69eba'
[    7.210310] zswap: loaded using pool lzo/zbud
[    7.213598] Key type trusted registered
[    7.218736] Key type encrypted registered
[    7.218747] AppArmor: AppArmor sha1 policy hashing enabled
[    7.218751] ima: No TPM chip found, activating TPM-bypass!
[    7.219580] ima: Allocated hash algorithm: sha1
[    7.219640] evm: HMAC attrs: 0x1
[    7.220134]   Magic number: 10:209:757
[    7.220163] tty ttyS8: hash matches
[    7.230855] rtc_cmos rtc_cmos: setting system clock to 2018-11-14 23:44:03 UTC (1542239043)
[    7.231165] BIOS EDD facility v0.16 2004-Jun-25, 0 devices found
[    7.231165] EDD information not available.
[    7.263285] input: AT Translated Set 2 keyboard as /devices/platform/i8042/serio0/input/input2
[    7.562628] Freeing unused kernel memory: 1528K
[    7.582485] Write protecting the kernel read-only data: 14336k
[    7.619145] Freeing unused kernel memory: 1664K
[    7.653309] Freeing unused kernel memory: 92K
Loading, please wait...
starting version 229[    7.729005] random: systemd-udevd: uninitialized urandom read (16 bytes read, 3 bits of entropy available)

[    7.732581] random: udevadm: uninitialized urandom read (16 bytes read, 3 bits of entropy available)
[    7.732618] random: udevadm: uninitialized urandom read (16 bytes read, 3 bits of entropy available)
[    7.758440] random: systemd-udevd: uninitialized urandom read (16 bytes read, 3 bits of entropy available)
[    7.767324] random: systemd-udevd: uninitialized urandom read (16 bytes read, 3 bits of entropy available)
[    7.780985] random: systemd-udevd: uninitialized urandom read (16 bytes read, 3 bits of entropy available)
[    7.785401] random: udevadm: uninitialized urandom read (16 bytes read, 3 bits of entropy available)
[    7.785473] random: udevadm: uninitialized urandom read (16 bytes read, 3 bits of entropy available)
[    7.785678] random: udevadm: uninitialized urandom read (16 bytes read, 3 bits of entropy available)
[    7.785973] random: udevadm: uninitialized urandom read (16 bytes read, 3 bits of entropy available)
[    7.951452] e1000: Intel(R) PRO/1000 Network Driver - version 7.3.21-k8-NAPI
[    7.961351] e1000: Copyright (c) 1999-2006 Intel Corporation.
[    7.968307] Fusion MPT base driver 3.04.20
[    7.970818] Copyright (c) 1999-2008 LSI Corporation
[    8.006021] Fusion MPT SPI Host driver 3.04.20
[    8.040799] AVX2 version of gcm_enc/dec engaged.
[    8.042608] AES CTR mode by8 optimization enabled
[    8.204831] input: ImExPS/2 Generic Explorer Mouse as /devices/platform/i8042/serio1/input/input4
[    8.403623] e1000 0000:00:03.0 eth0: (PCI:33MHz:32-bit) 02:ac:2e:7f:59:cd
[    8.416192] e1000 0000:00:03.0 eth0: Intel(R) PRO/1000 Network Connection
[    8.454343] mptbase: ioc0: Initiating bringup
[    8.553099] ioc0: LSI53C1030 A0: Capabilities={Initiator}
[    8.844679] scsi host2: ioc0: LSI53C1030 A0, FwRev=00000000h, Ports=1, MaxQ=256, IRQ=20
[    9.005285] scsi 2:0:0:0: Direct-Access     VBOX     HARDDISK         1.0  PQ: 0 ANSI: 5
[    9.031014] scsi target2:0:0: Beginning Domain Validation
[    9.040713] scsi target2:0:0: Domain Validation skipping write tests
[    9.048527] scsi target2:0:0: Ending Domain Validation
[    9.065754] scsi target2:0:0: asynchronous
[    9.070760] scsi 2:0:1:0: Direct-Access     VBOX     HARDDISK         1.0  PQ: 0 ANSI: 5
[    9.081324] scsi target2:0:1: Beginning Domain Validation
[    9.085754] scsi target2:0:1: Domain Validation skipping write tests
[    9.088405] scsi target2:0:1: Ending Domain Validation
[    9.094228] scsi target2:0:1: asynchronous
[    9.125387] sd 2:0:0:0: Attached scsi generic sg0 type 0
[    9.130963] sd 2:0:1:0: Attached scsi generic sg1 type 0
[    9.139772] sd 2:0:0:0: [sda] 20971520 512-byte logical blocks: (10.7 GB/10.0 GiB)
[    9.154300] sd 2:0:1:0: [sdb] 20480 512-byte logical blocks: (10.5 MB/10.0 MiB)
[    9.166210] sd 2:0:0:0: [sda] Write Protect is off
[    9.170201] sd 2:0:0:0: [sda] Incomplete mode parameter data
[    9.177771] sd 2:0:0:0: [sda] Assuming drive cache: write through
[    9.186554] sd 2:0:1:0: [sdb] Write Protect is off
[    9.190267] sd 2:0:1:0: [sdb] Incomplete mode parameter data
[    9.194074] sd 2:0:1:0: [sdb] Assuming drive cache: write through
[    9.206189] sd 2:0:1:0: [sdb] Attached SCSI disk
[    9.211118]  sda: sda1
[    9.214328] sd 2:0:0:0: [sda] Attached SCSI disk
[    9.421113] e1000 0000:00:08.0 eth1: (PCI:33MHz:32-bit) 08:00:27:ac:25:3b
[    9.430396] e1000 0000:00:08.0 eth1: Intel(R) PRO/1000 Network Connection
[    9.433385] e1000 0000:00:08.0 enp0s8: renamed from eth1
[    9.462849] e1000 0000:00:03.0 enp0s3: renamed from eth0
Begin: Loading e[   10.920617] md: linear personality registered for level -1
ssential drivers ... [   10.932354] md: multipath personality registered for level -4
[   10.956814] md: raid0 personality registered for level 0
[   10.969702] md: raid1 personality registered for level 1
[   11.066425] raid6: sse2x1   gen()  4957 MB/s
[   11.142400] raid6: sse2x1   xor()  4437 MB/s
[   11.222426] raid6: sse2x2   gen()  7457 MB/s
[   11.298420] raid6: sse2x2   xor()  5139 MB/s
[   11.374407] raid6: sse2x4   gen()  8709 MB/s
[   11.442416] raid6: sse2x4   xor()  5959 MB/s
[   11.514356] raid6: avx2x1   gen() 11464 MB/s
[   11.586420] raid6: avx2x2   gen() 14382 MB/s
[   11.662471] raid6: avx2x4   gen() 15635 MB/s
[   11.674997] raid6: using algorithm avx2x4 gen() 15635 MB/s
[   11.691146] raid6: using avx2x2 recovery algorithm
[   11.705789] xor: automatically using best checksumming function:
[   11.746410]    avx       : 19049.000 MB/sec
[   11.758323] async_tx: api initialized (async)
[   11.782651] md: raid6 personality registered for level 6
[   11.785307] md: raid5 personality registered for level 5
[   11.787653] md: raid4 personality registered for level 4
[   11.804940] md: raid10 personality registered for level 10
done.
Begin: Running /scripts/init-premount ... done.
Begin: Mounting root file system ... Begin: Running /scripts/local-top ... done.
Begin: Running /scripts/local-premount ... [   11.862508] Btrfs loaded
Scanning for Btrfs filesystems
done.
Warning: fsck not present, so skipping root file[   11.957967] EXT4-fs (sda1): mounted filesystem with ordered data mode. Opts: (null)
 system
done.
Begin: Running /scripts/local-bottom ... done.
Begin: Running /scripts/init-bottom ... done.
[   12.162670] systemd[1]: systemd 229 running in system mode. (+PAM +AUDIT +SELINUX +IMA +APPARMOR +SMACK +SYSVINIT +UTMP +LIBCRYPTSETUP +GCRYPT +GNUTLS +ACL +XZ -LZ4 +SECCOMP +BLKID +ELFUTILS +KMOD -IDN)
[   12.191878] systemd[1]: Detected virtualization oracle.
[   12.203577] systemd[1]: Detected architecture x86-64.

Welcome to [1mUbuntu 16.04.5 LTS[0m!

[   12.275374] systemd[1]: Set hostname to <ubuntu>.
[   12.285251] systemd[1]: Initializing machine ID from random generator.
[   12.303709] systemd[1]: Installed transient /etc/machine-id file.
[   12.599452] systemd[1]: Reached target Encrypted Volumes.
[[0;32m  OK  [0m] Reached target Encrypted Volumes.
[   12.605781] systemd[1]: Created slice System Slice.
[[0;32m  OK  [0m] Created slice System Slice.
[   12.624083] systemd[1]: Reached target Swap.
[[0;32m  OK  [0m] Reached target Swap.
[   12.645952] systemd[1]: Set up automount Arbitrary Executable File Formats File System Automount Point.
[[0;32m  OK  [0m] Set up automount Arbitrary Executab...ats File System Automount Point.
[   12.783093] systemd[1]: Listening on udev Control Socket.
[[0;32m  OK  [0m] Listening on udev Control Socket.
[   12.846592] systemd[1]: Reached target System Time Synchronized.
[[0;32m  OK  [0m] Reached target System Time Synchronized.
[   12.939224] systemd[1]: Created slice system-serial\x2dgetty.slice.
[[0;32m  OK  [0m] Created slice system-serial\x2dgetty.slice.
[   13.034698] systemd[1]: Reached target User and Group Name Lookups.
[[0;32m  OK  [0m] Reached target User and Group Name Lookups.
[   13.113701] systemd[1]: Started Forward Password Requests to Wall Directory Watch.
[[0;32m  OK  [0m] Started Forward Password Requests to Wall Directory Watch.
[   13.170875] systemd[1]: Listening on Syslog Socket.
[[0;32m  OK  [0m] Listening on Syslog Socket.
[   13.202437] systemd[1]: Listening on Journal Socket (/dev/log).
[[0;32m  OK  [0m] Listening on Journal Socket (/dev/log).
[   13.246864] systemd[1]: Listening on LVM2 metadata daemon socket.
[[0;32m  OK  [0m] Listening on LVM2 metadata daemon socket.
[   13.299210] systemd[1]: Listening on udev Kernel Socket.
[[0;32m  OK  [0m] Listening on udev Kernel Socket.
[   13.343610] systemd[1]: Listening on Journal Socket.
[[0;32m  OK  [0m] Listening on Journal Socket.
[   13.418778] systemd[1]: Starting Set console keymap...
         Starting Set console keymap...
[   13.503225] systemd[1]: Starting Uncomplicated firewall...
         Starting Uncomplicated firewall...
[   13.521466] systemd[1]: Mounting Huge Pages File System...
         Mounting Huge Pages File System...
[   13.546598] systemd[1]: Mounting Debug File System...
         Mounting Debug File System...
[   13.584553] systemd[1]: Starting Load Kernel Modules...
         Starting Load Kernel Modules...
[   13.598619] Loading iSCSI transport class v2.0-870.
[   13.608719] systemd[1]: Starting Nameserver information manager...
         Startin[   13.633025] iscsi: registered transport (tcp)
g Nameserver information manager...
[   13.664045] systemd[1]: Starting Remount Root and Kernel File Systems...
[   13.673786] EXT4-fs (sda1): re-mounted. Opts: (null)
         Starting Remount Root and Kernel File Systems...
[   13.689484] systemd[1]: Starting Create list of required static device nodes for the current kernel...
         Starting Create list of required st... nodes for the current kernel...
[   13.722541] systemd[1]: Mounting POSIX Message Queue File System...
[   13.723608] random: nonblocking pool is initialized
[   13.742913] iscsi: registered transport (iser)
         Mounting POSIX Message Queue File System...
[   13.772321] systemd[1]: Listening on LVM2 poll daemon socket.
[[0;32m  OK  [0m] Listening on LVM2 poll daemon socket.
[   13.814739] systemd[1]: Listening on Device-mapper event daemon FIFOs.
[[0;32m  OK  [0m] Listening on Device-mapper event daemon FIFOs.
[   13.838709] systemd[1]: Starting Monitoring of LVM2 mirrors, snapshots etc. using dmeventd or progress polling...
         Starting Monitoring of LVM2 mirrors... dmeventd or progress polling...
[   13.897165] systemd[1]: Created slice User and Session Slice.
[[0;32m  OK  [0m] Created slice User and Session Slice.
[   13.929558] systemd[1]: Reached target Slices.
[[0;32m  OK  [0m] Reached target Slices.
[   13.959546] systemd[1]: Listening on /dev/initctl Compatibility Named Pipe.
[[0;32m  OK  [0m] Listening on /dev/initctl Compatibility Named Pipe.
[   14.088073] systemd[1]: Started Trigger resolvconf update for networkd DNS.
[[0;32m  OK  [0m] Started Trigger resolvconf update for networkd DNS.
[   14.135052] systemd[1]: Listening on Journal Audit Socket.
[[0;32m  OK  [0m] Listening on Journal Audit Socket.
[   14.203255] systemd[1]: Starting Journal Service...
         Starting Journal Service...
[   14.223805] systemd[1]: Mounted POSIX Message Queue File System.
[[0;32m  OK  [0m] Mounted POSIX Message Queue File System.
[   14.254730] systemd[1]: Mounted Debug File System.
[[0;32m  OK  [0m] Mounted Debug File System.
[   14.310616] systemd[1]: Mounted Huge Pages File System.
[[0;32m  OK  [0m] Mounted Huge Pages File System.
[   14.327642] systemd[1]: Started Journal Service.
[[0;32m  OK  [0m] Started Journal Service.
[[0;32m  OK  [0m] Started Set console keymap.
[[0;32m  OK  [0m] Started Uncomplicated firewall.
[[0;32m  OK  [0m] Started Load Kernel Modules.
[[0;32m  OK  [0m] Started Remount Root and Kernel File Systems.
[[0;32m  OK  [0m] Started Create list of required sta...ce nodes for the current kernel.
[[0;32m  OK  [0m] Started Nameserver information manager.
[[0;32m  OK  [0m] Started LVM2 metadata daemon.
         Starting Create Static Device Nodes in /dev...
         Starting Load/Save Random Seed...
         Starting udev Coldplug all Devices...
         Mounting FUSE Control File System...
         Starting Apply Kernel Variables...
         Starting Flush Journal to Persistent Storage...
[[0;32m  OK  [0m] Mounted FUSE Control File System.
[[0;32m  OK  [0m] Started Monitoring of LVM2 mirrors,...ng dmeventd or progress polling.
[[0;32m  OK  [0m] Started Create Static Device Nodes in /dev.
[[0;32m  OK  [0m] Started Load/Save Random Seed.
[[0;32m  OK  [0m] Started Apply Kernel Variables.
[[0;32m  OK  [0m] Started udev Coldplug all Devices.
[[0;32m  OK  [0m] Started Flush Journal to Persistent Storage.
         Starting udev Kernel Device Manager...
[[0;32m  OK  [0m] Reached target Local File Systems (Pre).
[[0;32m  OK  [0m] Reached target Local File Systems.
         Starting Commit a transient machine-id on disk...
         Starting LSB: AppArmor initialization...
         Starting Set console font and keymap...
         Starting Tell Plymouth To Write Out Runtime Data...
         Starting Initial cloud-init job (pre-networking)...
         Starting Create Volatile Files and Directories...
[[0;32m  OK  [0m] Started udev Kernel Device Manager.
[[0;32m  OK  [0m] Started Commit a transient machine-id on disk.
[[0;32m  OK  [0m] Started Tell Plymouth To Write Out Runtime Data.
[[0;32m  OK  [0m] Started Create Volatile Files and Directories.
         Starting Update UTMP about System Boot/Shutdown...
[[0;32m  OK  [0m] Started Dispatch Password Requests to Console Directory Watch.
[[0;32m  OK  [0m] Started Update UTMP about System Boot/Shutdown.
[[0;32m  OK  [0m] Found device /dev/ttyS0.
[[0;32m  OK  [0m] Listening on Load/Save RF Kill Switch Status /dev/rfkill Watch.
[[0;32m  OK  [0m] Started Set console font and keymap.
[[0;32m  OK  [0m] Created slice system-getty.slice.
[   13.537619] cloud-init[502]: Cloud-init v. 18.4-0ubuntu1~16.04.2 running 'init-local' at Wed, 14 Nov 2018 23:44:13 +0000. Up 12.82 seconds.
[[0;32m  OK  [0m] Started LSB: AppArmor initialization.
[[0;32m  OK  [0m] Started Initial cloud-init job (pre-networking).
[[0;32m  OK  [0m] Reached target Network (Pre).
         Starting Raise network interfaces...
[[0;32m  OK  [0m] Started Raise network interfaces.
[[0;32m  OK  [0m] Reached target Network.
         Starting Initial cloud-init job (metadata service crawler)...
[   15.507393] cloud-init[946]: Cloud-init v. 18.4-0ubuntu1~16.04.2 running 'init' at Wed, 14 Nov 2018 23:44:14 +0000. Up 14.53 seconds.
[   15.572404] cloud-init[946]: ci-info: ++++++++++++++++++++++++++++++++++++++Net device info+++++++++++++++++++++++++++++++++++++++
[   15.657392] cloud-init[946]: ci-info: +--------+-------+----------------------------+---------------+--------+-------------------+
[[0;32m  OK  [0m] Started Initial cloud-init job (metadata service crawler).
[   15.738959] cloud-init[946]: ci-info: | Device |   Up  |          Address           |      Mask     | Scope  |     Hw-Address    |
[   15.759150] cloud-init[946]: ci-info: +--------+-------+----------------------------+---------------+--------+-------------------+
[   15.759888] cloud-init[946]: ci-info: | enp0s3 |  True |         10.0.2.15          | 255.255.255.0 | global | 02:ac:2e:7f:59:cd |
[   15.759981] cloud-init[946]: ci-info: | enp0s3 |  True | fe80::ac:2eff:fe7f:59cd/64 |       .       |  link  | 02:ac:2e:7f:59:cd |
[   15.760070] cloud-init[946]: ci-info: | enp0s8 | False |             .              |       .       |   .    | 08:00:27:ac:25:3b |
[   15.760124] cloud-init[946]: ci-info: |   lo   |  True |         127.0.0.1          |   255.0.0.0   |  host  |         .         |
[   15.760183] cloud-init[946]: ci-info: |   lo   |  True |          ::1/128           |       .       |  host  |         .         |
[   15.760327] cloud-init[946]: ci-info: +--------+-------+----------------------------+---------------+--------+-------------------+
[   15.760421] cloud-init[946]: ci-info: +++++++++++++++++++++++++++Route IPv4 info++++++++++++++++++++++++++++
[   15.760666] cloud-init[946]: ci-info: +-------+-------------+----------+---------------+-----------+-------+
[   15.760748] cloud-init[946]: ci-info: | Route | Destination | Gateway  |    Genmask    | Interface | Flags |
[   15.760820] cloud-init[946]: ci-info: +-------+-------------+----------+---------------+-----------+-------+
[   15.760897] cloud-init[946]: ci-info: |   0   |   0.0.0.0   | 10.0.2.2 |    0.0.0.0    |   enp0s3  |   UG  |
[   15.760968] cloud-init[946]: ci-info: |   1   |   10.0.2.0  | 0.0.0.0  | 255.255.255.0 |   enp0s3  |   U   |
[   15.761041] cloud-init[946]: ci-info: +-------+-------------+----------+---------------+-----------+-------+
[   15.761112] cloud-init[946]: ci-info: +++++++++++++++++++Route IPv6 info+++++++++++++++++++
[   15.761176] cloud-init[946]: ci-info: +-------+-------------+---------+-----------+-------+
[   15.761248] cloud-init[946]: ci-info: | Route | Destination | Gateway | Interface | Flags |
[   15.761318] cloud-init[946]: ci-info: +-------+-------------+---------+-----------+-------+
[   15.761380] cloud-init[946]: ci-info: |   0   |  fe80::/64  |    ::   |   enp0s3  |   U   |
[   15.761487] cloud-init[946]: ci-info: |   3   |   ff00::/8  |    ::   |   enp0s3  |   U   |
[   15.761568] cloud-init[946]: ci-info: +-------+-------------+---------+-----------+-------+
[   15.761641] cloud-init[946]: Generating public/private rsa key pair.
[   15.761703] cloud-init[946]: Your identification has been saved in /etc/ssh/ssh_host_rsa_key.
[   15.761766] cloud-init[946]: Your public key has been saved in /etc/ssh/ssh_host_rsa_key.pub.
[   15.761832] cloud-init[946]: The key fingerprint is:
[   15.761903] cloud-init[946]: SHA256:rvKZjjos74reuitXdKiBRkH+kLViaqkGwQai69PSTSs root@ubuntu-xenial
[   15.761965] cloud-init[946]: The key's randomart image is:
[   15.762034] cloud-init[946]: +---[RSA 2048]----+
[   15.762096] cloud-init[946]: |+o..             |
[   15.762160] cloud-init[946]: |*.o .            |
[   15.762227] cloud-init[946]: |+X . .           |
[   15.762292] cloud-init[946]: |=+* o .          |
[   15.762354] cloud-init[946]: |=o = o  S        |
[   15.762418] cloud-init[946]: |= + + ..         |
[   15.762486] cloud-init[946]: |.* E o  .        |
[   15.762549] cloud-init[946]: |= B o. +         |
[   15.762608] cloud-init[946]: |=@B+.+*          |
[   15.762667] cloud-init[946]: +----[SHA256]-----+
[   15.762764] cloud-init[946]: Generating public/private dsa key pair.
[   15.762937] cloud-init[946]: Your identification has been saved in /etc/ssh/ssh_host_dsa_key.
[   15.763019] cloud-init[946]: Your public key has been saved in /etc/ssh/ssh_host_dsa_key.pub.
[   15.763071] cloud-init[946]: The key fingerprint is:
[   15.763112] cloud-init[946]: SHA256:dyIP7gcA2MimtCDQWAEuE73sBKT/gJ9jPNQtZhPZTrw root@ubuntu-xenial
[   15.763155] cloud-init[946]: The key's randomart image is:
[   15.763197] cloud-init[946]: +---[DSA 1024]----+
[   18.530368] cloud-init[946]: |*Oo=             |
[[0;32m  OK  [0m] Reached target System Initialization.
[[   18.530563] cloud-init[946]: |BoB o+           |
[   18.945707] cloud-init[946]: |B*..o.+          |
[0;32m  OK  [0m] Listening on UUID daemon activation socket.
[[0;32m  OK  [0m] [   18.945881] cloud-init[946]: |o=+. =..         |
[   19.148846] cloud-init[946]: |.o+ * E.S o .    |
[   19.149060] cloud-init[946]: | +.* o ..= o     |
Listening on ACPID Listen Socket.
[   19.149321] cloud-init[946]: |  B .   ...      |
[   19.287318] cloud-init[946]: | . o   .  .      |
[[0;32m  OK  [0m] Started Daily Cleanup of Temporary Directories.
[   19.287403] cloud-init[946]: |        ..       |
[   19.582808] cloud-init[946]: +----[SHA256]-----+
[   19.583204] cloud-init[946]: Generating public/private ecdsa key pair.
[[0;32m  OK  [0m] Started ACPI Events Check.
[[0;32m  OK  [0m[   19.583347] ] cloud-initReached target Paths.[946]: 
Your identification has been saved in /etc/ssh/ssh_host_ecdsa_key.
[   19.753417] cloud-init[946]: Your public key has been saved in /etc/ssh/ssh_host_ecdsa_key.pub.
[   19.911305] cloud-init[946]: The key fingerprint is:
[[0;32m  OK  [0m] Listening on D-Bus System Message Bus Socket.
[   19.911447] cloud-init[946]: SHA256:/xUyJlh9FJ/IstEyghu82fGYOWqpi6PPza4Z0F6veNo root@ubuntu-xenial
[   20.258335] cloud-init[946]: The key's randomart image is:
[   20.258899] cloud-init[946]: +---[ECDSA 256]---+
[[0;32m  OK  [0m] Started Daily apt download activities.
         Starting Socket activation for snappy daemon.
[   20.259119] cloud-init[946]: |              o. |
[   20.833652] cloud-init[946]: |      . .  .o....|
[   20.833964] cloud-init[946]: |       + o.=.+...|
         Starting LXD - unix socket.
[[   20.834308] cloud-init[946]: |  .     *oB *.   |
[   20.889545] cloud-init[946]: | . . . +S*.o+ .  |
[   20.889704] cloud-init[946]: |  o . . o..o o . |
[0;32m  OK  [0m] Started Daily apt upgrade and clean activities.
[   20.889914] cloud-init[946]: |   o   =  .   .  |
[[0;32m  OK  [0m] Reached target Timers.
[   21.030971] cloud-init[946]: |  ..O.+    . .   |
[   21.193654] cloud-init[946]: | .oO*E.     .    |
[   21.194000] cloud-init[946]: +----[SHA256]-----+
[[0;32m  OK  [0m] Reached target Network is Online.
[   21.194180] cloud-init[946]: Generating public/private ed25519 key pair.
[   21.348470] cloud-init[946]: Your identification has been saved in /etc/ssh/ssh_host_ed25519_key.
[   21.349492] cloud-init[946]: Your public key has been saved in /etc/ssh/ssh_host_ed25519_key.pub.
[   21.356216] cloud-init[946]: The key fingerprint is:
[   21.356780] cloud-init[946]: SHA256:mKjH9/7Fq0sM9v0SHtGEOL14etWOvTaV4nG8LS2fCS8 root@ubuntu-xenial
         Starting iSCSI initiator daemon (iscsid)...
[   21.358131] cloud-init[946]: The key's randomart image is:
[   21.616411] cloud-init[946]: +--[ED25519 256]--+
[   21.617258] cloud-init[946]: |           o .   |
[[0;32m  OK  [0m] Reached target Cloud-config availability.
[   21.617429] cloud-init[946]: |          o o .  |
[[0;32m  OK  [0m[   21.824935] ] cloud-initListening on Socket activation for snappy daemon.[946]: 
|           o + . |
[   21.825241] cloud-init[946]: |     . o  . + o .|
[   22.004919] cloud-init[946]: |    . o S  o o.+.|
[[0;32m  OK  [0m] Listening on LXD - unix socket.
[   22.005136] cloud-init[946]: |   o   . +.o+o.++|
[[0;32m  OK  [0m[   22.160150] cloud-init[946]: |  . o .   +o=++.=|
[   22.162873] cloud-init[946]: |   . . . . .oE===|
[   22.163062] ] Started iSCSI initiator daemon (iscsid).
cloud-init[946]: |       .o.+o..+Bo|
[   22.192077] cloud-init[946]: +----[SHA256]-----+
         Starting Login to default iSCSI targets...
[[0;32m  OK  [0m] Reached target Sockets.
[[0;32m  OK  [0m] Reached target Basic System.
[[0;32m  OK  [0m] Started FUSE filesystem for LXC.
         Starting Virtualbox guest utils...
         Starting Accounts Service...
[[0;32m  OK  [0m] Started ACPI event daemon.
[[0;32m  OK  [0m] Started Regular background program processing daemon.
         Starting LXD - container startup/shutdown...
[[0;32m  OK  [0m] Started Deferred execution scheduler.
[[0;32m  OK  [0m] Started Unattended Upgrades Shutdown.
         Starting LSB: MD monitoring daemon...
         Starting System Logging Service...
         Starting Login Service...
         Starting Pollinate to seed the pseudo random number generator...
         Starting /etc/rc.local Compatibility...
[[0;32m  OK  [0m] Started D-Bus System Message Bus.
         Starting LSB: Record successful boot for GRUB...
         Starting Snappy daemon...
[[0;32m  OK  [0m] Started System Logging Service.
[[0;32m  OK  [0m] Started LXD - container startup/shutdown.
[[0;32m  OK  [0m] Started /etc/rc.local Compatibility.
[[0;32m  OK  [0m] Started Login to default iSCSI targets.
[[0;32m  OK  [0m] Started LSB: MD monitoring daemon.
         Starting Authenticate and Authorize Users to Run Privileged Tasks...
[[0;32m  OK  [0m] Reached target Remote File Systems (Pre).
[[0;32m  OK  [0m] Reached target Remote File Systems.
         Starting LSB: automatic crash report generation...
         Starting LSB: daemon to balance interrupts for SMP systems...
         Starting Permit User Sessions...
         Starting LSB: Set the CPU Frequency Scaling governor to "ondemand"...
[[0;32m  OK  [0m] Started Virtualbox guest utils.
[[0;32m  OK  [0m] Started LSB: Record successful boot for GRUB.
[[0;32m  OK  [0m] Started Permit User Sessions.
[[0;32m  OK  [0m] Started Login Service.
[[0;32m  OK  [0m] Started Snappy daemon.
[[0;32m  OK  [0m] Started Authenticate and Authorize Users to Run Privileged Tasks.
[[0;32m  OK  [0m] Started Accounts Service.
         Starting Wait until snapd is fully seeded...
         Starting Hold until boot process finishes up...
         Starting Terminate Plymouth Boot Screen...
[[0;32m  OK  [0m] Started LSB: automatic crash report generation.
[[0;32m  OK  [0m] Started LSB: daemon to balance interrupts for SMP systems.
[[0;32m  OK  [0m] Started LSB: Set the CPU Frequency Scaling governor to "ondemand".
[[0;32m  OK  [0m] Started Hold until boot process finishes up.
[[0;32m  OK  [0m] Started Terminate Plymouth Boot Screen.
[[0;32m  OK  [0m] Started Serial Getty on ttyS0.
[[0;32m  OK  [0m] Started Getty on tty1.
[[0;32m  OK  [0m] Reached target Login Prompts.
         Starting Set console scheme...
[[0;32m  OK  [0m] Started Set console scheme.
[[0;32m  OK  [0m] Started Pollinate to seed the pseudo random number generator.
         Starting OpenBSD Secure Shell server...
[[0;32m  OK  [0m] Started OpenBSD Secure Shell server.
[[0;32m  OK  [0m] Created slice User Slice of vagrant.
         Starting User Manager for UID 1000...
[[0;32m  OK  [0m] Started User Manager for UID 1000.
[[0;32m  OK  [0m] Started Session 1 of user vagrant.
[[0;32m  OK  [0m] Started Wait until snapd is fully seeded.
         Starting Apply the settings specified in cloud-config...
[[0;32m  OK  [0m] Reached target Multi-User System.
[[0;32m  OK  [0m] Reached target Graphical Interface.
         Starting Update UTMP about System Runlevel Changes...
[[0;32m  OK  [0m] Started Update UTMP about System Runlevel Changes.
[   28.345376] cloud-init[1356]: Generating locales (this might take a while)...

Ubuntu 16.04.5 LTS ubuntu-xenial ttyS0

ubuntu-xenial login: [   29.713051] cloud-init[1356]:   en_US.UTF-8... done
[   29.713955] cloud-init[1356]: Generation complete.
[   30.451445] cloud-init[1356]: Cloud-init v. 18.4-0ubuntu1~16.04.2 running 'modules:config' at Wed, 14 Nov 2018 23:44:28 +0000. Up 28.14 seconds.
ci-info: no authorized ssh keys fingerprints found for user ubuntu.
<14>Nov 14 23:44:31 ec2: 
<14>Nov 14 23:44:31 ec2: #############################################################
<14>Nov 14 23:44:31 ec2: -----BEGIN SSH HOST KEY FINGERPRINTS-----
<14>Nov 14 23:44:31 ec2: 1024 SHA256:dyIP7gcA2MimtCDQWAEuE73sBKT/gJ9jPNQtZhPZTrw root@ubuntu-xenial (DSA)
<14>Nov 14 23:44:31 ec2: 256 SHA256:/xUyJlh9FJ/IstEyghu82fGYOWqpi6PPza4Z0F6veNo root@ubuntu-xenial (ECDSA)
<14>Nov 14 23:44:31 ec2: 256 SHA256:mKjH9/7Fq0sM9v0SHtGEOL14etWOvTaV4nG8LS2fCS8 root@ubuntu-xenial (ED25519)
<14>Nov 14 23:44:31 ec2: 2048 SHA256:rvKZjjos74reuitXdKiBRkH+kLViaqkGwQai69PSTSs root@ubuntu-xenial (RSA)
<14>Nov 14 23:44:31 ec2: -----END SSH HOST KEY FINGERPRINTS-----
<14>Nov 14 23:44:31 ec2: #############################################################
-----BEGIN SSH HOST KEY KEYS-----
ecdsa-sha2-nistp256 AAAAE2VjZHNhLXNoYTItbmlzdHAyNTYAAAAIbmlzdHAyNTYAAABBBB2WZ9XOxi81+4f2DDpjtfnBD0Y6/xrYbkuUcW7Y0USuS9vJznQ9T5Ap2gukBAu2ldmSje0dtFo0ggWGlLzsa0A= root@ubuntu-xenial
ssh-ed25519 AAAAC3NzaC1lZDI1NTE5AAAAIOg1XUaGys/NvCJYIFDRbz5fsRoWXkrF4ml+0vjr6l01 root@ubuntu-xenial
ssh-rsa AAAAB3NzaC1yc2EAAAADAQABAAABAQCgt7Oi6VRsPY+pshFuEJ6+DeDbzASyaI78PQgk0borUhAabH5eJaRt1dU9JR7jlwIeKTtluMQQXmTZ9oseMlnY7Fkb3zMcmeE0XpL/zxeQIgf42mbqjsfTxgzkob4TXz1yFpWw5touCjTzDh2yJVDjrdRtwtNLYB1J5amXOO5qKFkDpscp5TEmVuCZfITdqLwR7EMBL8Ib1nWAq44so3GfPKQ/2n/oIJWp63DOk49OLznji2SM+JJIDcIn0I02+CAKJw/8cHlyl8/h/r+Rf/1p6aCIjJPhPMnxcPOVhQ70Vpe3vKLMXCgbuP9bWWK8sjcgroCime98jB3u6dXg22Z1 root@ubuntu-xenial
-----END SSH HOST KEY KEYS-----
[   31.410119] cloud-init[1508]: Cloud-init v. 18.4-0ubuntu1~16.04.2 running 'modules:final' at Wed, 14 Nov 2018 23:44:31 +0000. Up 31.22 seconds.
[   31.410417] cloud-init[1508]: ci-info: no authorized ssh keys fingerprints found for user ubuntu.
[   31.410719] cloud-init[1508]: Cloud-init v. 18.4-0ubuntu1~16.04.2 finished at Wed, 14 Nov 2018 23:44:31 +0000. Datasource DataSourceNoCloud [seed=/dev/sdb][dsmode=net].  Up 31.39 seconds
